<?xml version="1.0" encoding="UTF-8"?>
<!-- Generated by org.testng.reporters.JUnitReportReporter -->
<testsuite hostname="SSTANCQCLAB16VM" name="tests.SellItemsTest" tests="1" failures="1" timestamp="8 Oct 2015 01:52:03 GMT" time="0.000" errors="0">
  <testcase name="testSellingBooks" time="0.000" classname="tests.SellItemsTest"/>
</testsuite>
