<?xml version="1.0" encoding="UTF-8"?>
<!-- Generated by org.testng.reporters.JUnitReportReporter -->
<testsuite hostname="SSTANCQCLAB16VM" name="tests.LoginTest" tests="2" failures="0" timestamp="8 Oct 2015 01:52:03 GMT" time="0.000" errors="0">
  <testcase name="testRegister" time="0.000" classname="tests.LoginTest"/>
  <testcase name="testLogin" time="0.000" classname="tests.LoginTest"/>
</testsuite>
